<?xml version="1.0" encoding="UTF-8"?>
<testng-results skipped="0" failed="0" ignored="0" total="10" passed="10">
  <reporter-output>
  </reporter-output>
  <suite name="Surefire suite" duration-ms="126229" started-at="2021-07-10T22:22:43Z" finished-at="2021-07-10T22:24:49Z">
    <groups>
    </groups>
    <test name="Surefire test" duration-ms="126229" started-at="2021-07-10T22:22:43Z" finished-at="2021-07-10T22:24:49Z">
      <class name="com.example.CalculatorSpringBootNGTest">
        <test-method status="PASS" signature="setUpMethod()[pri:0, instance:com.example.CalculatorSpringBootNGTest@7f560810]" name="setUpMethod" is-config="true" duration-ms="6516" started-at="2021-07-10T22:22:43Z" finished-at="2021-07-10T22:22:50Z">
          <reporter-output>
          </reporter-output>
        </test-method> <!-- setUpMethod -->
        <test-method status="PASS" signature="testDivision()[pri:0, instance:com.example.CalculatorSpringBootNGTest@7f560810]" name="testDivision" duration-ms="6252" started-at="2021-07-10T22:22:50Z" finished-at="2021-07-10T22:22:56Z">
          <reporter-output>
          </reporter-output>
        </test-method> <!-- testDivision -->
        <test-method status="PASS" signature="setDowMethod()[pri:0, instance:com.example.CalculatorSpringBootNGTest@7f560810]" name="setDowMethod" is-config="true" duration-ms="821" started-at="2021-07-10T22:22:56Z" finished-at="2021-07-10T22:22:57Z">
          <reporter-output>
          </reporter-output>
        </test-method> <!-- setDowMethod -->
        <test-method status="PASS" signature="setUpMethod()[pri:0, instance:com.example.CalculatorSpringBootNGTest@7f560810]" name="setUpMethod" is-config="true" duration-ms="5794" started-at="2021-07-10T22:22:57Z" finished-at="2021-07-10T22:23:03Z">
          <reporter-output>
          </reporter-output>
        </test-method> <!-- setUpMethod -->
        <test-method status="PASS" signature="testFactorial()[pri:0, instance:com.example.CalculatorSpringBootNGTest@7f560810]" name="testFactorial" duration-ms="6161" started-at="2021-07-10T22:23:03Z" finished-at="2021-07-10T22:23:09Z">
          <reporter-output>
          </reporter-output>
        </test-method> <!-- testFactorial -->
        <test-method status="PASS" signature="setDowMethod()[pri:0, instance:com.example.CalculatorSpringBootNGTest@7f560810]" name="setDowMethod" is-config="true" duration-ms="746" started-at="2021-07-10T22:23:09Z" finished-at="2021-07-10T22:23:10Z">
          <reporter-output>
          </reporter-output>
        </test-method> <!-- setDowMethod -->
        <test-method status="PASS" signature="setUpMethod()[pri:0, instance:com.example.CalculatorSpringBootNGTest@7f560810]" name="setUpMethod" is-config="true" duration-ms="5951" started-at="2021-07-10T22:23:10Z" finished-at="2021-07-10T22:23:16Z">
          <reporter-output>
          </reporter-output>
        </test-method> <!-- setUpMethod -->
        <test-method status="PASS" signature="testLimpiarCalculadoraCompleja()[pri:0, instance:com.example.CalculatorSpringBootNGTest@7f560810]" name="testLimpiarCalculadoraCompleja" duration-ms="6153" started-at="2021-07-10T22:23:16Z" finished-at="2021-07-10T22:23:22Z">
          <reporter-output>
          </reporter-output>
        </test-method> <!-- testLimpiarCalculadoraCompleja -->
        <test-method status="PASS" signature="setDowMethod()[pri:0, instance:com.example.CalculatorSpringBootNGTest@7f560810]" name="setDowMethod" is-config="true" duration-ms="754" started-at="2021-07-10T22:23:22Z" finished-at="2021-07-10T22:23:22Z">
          <reporter-output>
          </reporter-output>
        </test-method> <!-- setDowMethod -->
        <test-method status="PASS" signature="setUpMethod()[pri:0, instance:com.example.CalculatorSpringBootNGTest@7f560810]" name="setUpMethod" is-config="true" duration-ms="5652" started-at="2021-07-10T22:23:22Z" finished-at="2021-07-10T22:23:28Z">
          <reporter-output>
          </reporter-output>
        </test-method> <!-- setUpMethod -->
        <test-method status="PASS" signature="testLimpiarCalculadoraSimple()[pri:0, instance:com.example.CalculatorSpringBootNGTest@7f560810]" name="testLimpiarCalculadoraSimple" duration-ms="6239" started-at="2021-07-10T22:23:28Z" finished-at="2021-07-10T22:23:34Z">
          <reporter-output>
          </reporter-output>
        </test-method> <!-- testLimpiarCalculadoraSimple -->
        <test-method status="PASS" signature="setDowMethod()[pri:0, instance:com.example.CalculatorSpringBootNGTest@7f560810]" name="setDowMethod" is-config="true" duration-ms="744" started-at="2021-07-10T22:23:34Z" finished-at="2021-07-10T22:23:35Z">
          <reporter-output>
          </reporter-output>
        </test-method> <!-- setDowMethod -->
        <test-method status="PASS" signature="setUpMethod()[pri:0, instance:com.example.CalculatorSpringBootNGTest@7f560810]" name="setUpMethod" is-config="true" duration-ms="5860" started-at="2021-07-10T22:23:35Z" finished-at="2021-07-10T22:23:41Z">
          <reporter-output>
          </reporter-output>
        </test-method> <!-- setUpMethod -->
        <test-method status="PASS" signature="testMultiplicacion()[pri:0, instance:com.example.CalculatorSpringBootNGTest@7f560810]" name="testMultiplicacion" duration-ms="6207" started-at="2021-07-10T22:23:41Z" finished-at="2021-07-10T22:23:47Z">
          <reporter-output>
          </reporter-output>
        </test-method> <!-- testMultiplicacion -->
        <test-method status="PASS" signature="setDowMethod()[pri:0, instance:com.example.CalculatorSpringBootNGTest@7f560810]" name="setDowMethod" is-config="true" duration-ms="741" started-at="2021-07-10T22:23:47Z" finished-at="2021-07-10T22:23:48Z">
          <reporter-output>
          </reporter-output>
        </test-method> <!-- setDowMethod -->
        <test-method status="PASS" signature="setUpMethod()[pri:0, instance:com.example.CalculatorSpringBootNGTest@7f560810]" name="setUpMethod" is-config="true" duration-ms="5988" started-at="2021-07-10T22:23:48Z" finished-at="2021-07-10T22:23:54Z">
          <reporter-output>
          </reporter-output>
        </test-method> <!-- setUpMethod -->
        <test-method status="PASS" signature="testPotenciaAlCuadrado()[pri:0, instance:com.example.CalculatorSpringBootNGTest@7f560810]" name="testPotenciaAlCuadrado" duration-ms="6157" started-at="2021-07-10T22:23:54Z" finished-at="2021-07-10T22:24:00Z">
          <reporter-output>
          </reporter-output>
        </test-method> <!-- testPotenciaAlCuadrado -->
        <test-method status="PASS" signature="setDowMethod()[pri:0, instance:com.example.CalculatorSpringBootNGTest@7f560810]" name="setDowMethod" is-config="true" duration-ms="740" started-at="2021-07-10T22:24:00Z" finished-at="2021-07-10T22:24:01Z">
          <reporter-output>
          </reporter-output>
        </test-method> <!-- setDowMethod -->
        <test-method status="PASS" signature="setUpMethod()[pri:0, instance:com.example.CalculatorSpringBootNGTest@7f560810]" name="setUpMethod" is-config="true" duration-ms="5916" started-at="2021-07-10T22:24:01Z" finished-at="2021-07-10T22:24:07Z">
          <reporter-output>
          </reporter-output>
        </test-method> <!-- setUpMethod -->
        <test-method status="PASS" signature="testRaiz()[pri:0, instance:com.example.CalculatorSpringBootNGTest@7f560810]" name="testRaiz" duration-ms="6167" started-at="2021-07-10T22:24:07Z" finished-at="2021-07-10T22:24:13Z">
          <reporter-output>
          </reporter-output>
        </test-method> <!-- testRaiz -->
        <test-method status="PASS" signature="setDowMethod()[pri:0, instance:com.example.CalculatorSpringBootNGTest@7f560810]" name="setDowMethod" is-config="true" duration-ms="742" started-at="2021-07-10T22:24:13Z" finished-at="2021-07-10T22:24:14Z">
          <reporter-output>
          </reporter-output>
        </test-method> <!-- setDowMethod -->
        <test-method status="PASS" signature="setUpMethod()[pri:0, instance:com.example.CalculatorSpringBootNGTest@7f560810]" name="setUpMethod" is-config="true" duration-ms="6029" started-at="2021-07-10T22:24:14Z" finished-at="2021-07-10T22:24:20Z">
          <reporter-output>
          </reporter-output>
        </test-method> <!-- setUpMethod -->
        <test-method status="PASS" signature="testResta()[pri:0, instance:com.example.CalculatorSpringBootNGTest@7f560810]" name="testResta" duration-ms="6242" started-at="2021-07-10T22:24:20Z" finished-at="2021-07-10T22:24:26Z">
          <reporter-output>
          </reporter-output>
        </test-method> <!-- testResta -->
        <test-method status="PASS" signature="setDowMethod()[pri:0, instance:com.example.CalculatorSpringBootNGTest@7f560810]" name="setDowMethod" is-config="true" duration-ms="755" started-at="2021-07-10T22:24:26Z" finished-at="2021-07-10T22:24:27Z">
          <reporter-output>
          </reporter-output>
        </test-method> <!-- setDowMethod -->
        <test-method status="PASS" signature="setUpMethod()[pri:0, instance:com.example.CalculatorSpringBootNGTest@7f560810]" name="setUpMethod" is-config="true" duration-ms="6016" started-at="2021-07-10T22:24:27Z" finished-at="2021-07-10T22:24:33Z">
          <reporter-output>
          </reporter-output>
        </test-method> <!-- setUpMethod -->
        <test-method status="PASS" signature="testSuma()[pri:0, instance:com.example.CalculatorSpringBootNGTest@7f560810]" name="testSuma" duration-ms="3175" started-at="2021-07-10T22:24:33Z" finished-at="2021-07-10T22:24:36Z">
          <reporter-output>
          </reporter-output>
        </test-method> <!-- testSuma -->
        <test-method status="PASS" signature="setDowMethod()[pri:0, instance:com.example.CalculatorSpringBootNGTest@7f560810]" name="setDowMethod" is-config="true" duration-ms="743" started-at="2021-07-10T22:24:36Z" finished-at="2021-07-10T22:24:37Z">
          <reporter-output>
          </reporter-output>
        </test-method> <!-- setDowMethod -->
        <test-method status="PASS" signature="setUpMethod()[pri:0, instance:com.example.CalculatorSpringBootNGTest@7f560810]" name="setUpMethod" is-config="true" duration-ms="6048" started-at="2021-07-10T22:24:37Z" finished-at="2021-07-10T22:24:43Z">
          <reporter-output>
          </reporter-output>
        </test-method> <!-- setUpMethod -->
        <test-method status="PASS" signature="testfibonacci()[pri:0, instance:com.example.CalculatorSpringBootNGTest@7f560810]" name="testfibonacci" duration-ms="6154" started-at="2021-07-10T22:24:43Z" finished-at="2021-07-10T22:24:49Z">
          <reporter-output>
          </reporter-output>
        </test-method> <!-- testfibonacci -->
        <test-method status="PASS" signature="setDowMethod()[pri:0, instance:com.example.CalculatorSpringBootNGTest@7f560810]" name="setDowMethod" is-config="true" duration-ms="743" started-at="2021-07-10T22:24:49Z" finished-at="2021-07-10T22:24:49Z">
          <reporter-output>
          </reporter-output>
        </test-method> <!-- setDowMethod -->
      </class> <!-- com.example.CalculatorSpringBootNGTest -->
    </test> <!-- Surefire test -->
  </suite> <!-- Surefire suite -->
</testng-results>
