<?xml version="1.0" encoding="UTF-8"?>
<testsuite name="TestSuite" time="0.018" tests="29" errors="0" skipped="0" failures="29">
  <properties>
[...]
</properties>
  <testcase name="testAdd" classname="com.example.controllers.CalculatorControllerNGTest" time="0.008">
    <failure type="java.lang.NullPointerException:">java.lang.NullPointerException: null
	at com.example.controllers.CalculatorController.add(CalculatorController.java:24)
	at com.example.controllers.CalculatorControllerNGTest.testAdd(CalculatorControllerNGTest.java:52)
</failure>
    <system-out><![CDATA[Configuring TestNG with: TestNG652Configurator
add
]]></system-out>
  </testcase>
  <testcase name="testClearAdvanced" classname="com.example.controllers.CalculatorControllerNGTest" time="0">
    <failure type="java.lang.NullPointerException:">java.lang.NullPointerException: null
	at com.example.controllers.CalculatorController.clearAdvanced(CalculatorController.java:79)
	at com.example.controllers.CalculatorControllerNGTest.testClearAdvanced(CalculatorControllerNGTest.java:196)
</failure>
    <system-out><![CDATA[clearAdvanced
]]></system-out>
  </testcase>
  <testcase name="testClearSimple" classname="com.example.controllers.CalculatorControllerNGTest" time="0">
    <failure type="java.lang.NullPointerException:">java.lang.NullPointerException: null
	at com.example.controllers.CalculatorController.clearSimple(CalculatorController.java:72)
	at com.example.controllers.CalculatorControllerNGTest.testClearSimple(CalculatorControllerNGTest.java:180)
</failure>
    <system-out><![CDATA[clearSimple
]]></system-out>
  </testcase>
  <testcase name="testDivide" classname="com.example.controllers.CalculatorControllerNGTest" time="0">
    <failure type="java.lang.NullPointerException:">java.lang.NullPointerException: null
	at com.example.controllers.CalculatorController.divide(CalculatorController.java:42)
	at com.example.controllers.CalculatorControllerNGTest.testDivide(CalculatorControllerNGTest.java:100)
</failure>
    <system-out><![CDATA[divide
]]></system-out>
  </testcase>
  <testcase name="testFactorial" classname="com.example.controllers.CalculatorControllerNGTest" time="0">
    <failure type="java.lang.NullPointerException:">java.lang.NullPointerException: null
	at com.example.controllers.CalculatorController.factorial(CalculatorController.java:66)
	at com.example.controllers.CalculatorControllerNGTest.testFactorial(CalculatorControllerNGTest.java:164)
</failure>
    <system-out><![CDATA[factorial
]]></system-out>
  </testcase>
  <testcase name="testFibonacci" classname="com.example.controllers.CalculatorControllerNGTest" time="0">
    <failure type="java.lang.NullPointerException:">java.lang.NullPointerException: null
	at com.example.controllers.CalculatorController.fibonacci(CalculatorController.java:48)
	at com.example.controllers.CalculatorControllerNGTest.testFibonacci(CalculatorControllerNGTest.java:116)
</failure>
    <system-out><![CDATA[fibonacci
]]></system-out>
  </testcase>
  <testcase name="testGetCalculatorPage" classname="com.example.controllers.CalculatorControllerNGTest" time="0.002">
    <failure type="java.lang.NullPointerException:">java.lang.NullPointerException: null
	at com.example.controllers.CalculatorController.getCalculatorPage(CalculatorController.java:18)
	at com.example.controllers.CalculatorControllerNGTest.testGetCalculatorPage(CalculatorControllerNGTest.java:36)
</failure>
    <system-out><![CDATA[getCalculatorPage
]]></system-out>
  </testcase>
  <testcase name="testMultiply" classname="com.example.controllers.CalculatorControllerNGTest" time="0">
    <failure type="java.lang.NullPointerException:">java.lang.NullPointerException: null
	at com.example.controllers.CalculatorController.multiply(CalculatorController.java:36)
	at com.example.controllers.CalculatorControllerNGTest.testMultiply(CalculatorControllerNGTest.java:84)
</failure>
    <system-out><![CDATA[multiply
]]></system-out>
  </testcase>
  <testcase name="testPower" classname="com.example.controllers.CalculatorControllerNGTest" time="0">
    <failure type="java.lang.NullPointerException:">java.lang.NullPointerException: null
	at com.example.controllers.CalculatorController.power(CalculatorController.java:60)
	at com.example.controllers.CalculatorControllerNGTest.testPower(CalculatorControllerNGTest.java:148)
</failure>
    <system-out><![CDATA[power
]]></system-out>
  </testcase>
  <testcase name="testSqrt" classname="com.example.controllers.CalculatorControllerNGTest" time="0.001">
    <failure type="java.lang.NullPointerException:">java.lang.NullPointerException: null
	at com.example.controllers.CalculatorController.sqrt(CalculatorController.java:54)
	at com.example.controllers.CalculatorControllerNGTest.testSqrt(CalculatorControllerNGTest.java:132)
</failure>
    <system-out><![CDATA[sqrt
]]></system-out>
  </testcase>
  <testcase name="testSubtract" classname="com.example.controllers.CalculatorControllerNGTest" time="0">
    <failure type="java.lang.NullPointerException:">java.lang.NullPointerException: null
	at com.example.controllers.CalculatorController.subtract(CalculatorController.java:30)
	at com.example.controllers.CalculatorControllerNGTest.testSubtract(CalculatorControllerNGTest.java:68)
</failure>
    <system-out><![CDATA[subtract
]]></system-out>
  </testcase>
  <testcase name="testGetA" classname="com.example.model.OperationModelNGTest" time="0.002">
    <failure message="The test case is a prototype." type="java.lang.AssertionError">java.lang.AssertionError: The test case is a prototype.
	at org.testng.Assert.fail(Assert.java:96)
	at com.example.model.OperationModelNGTest.testGetA(OperationModelNGTest.java:36)
</failure>
    <system-out><![CDATA[getA
]]></system-out>
  </testcase>
  <testcase name="testGetB" classname="com.example.model.OperationModelNGTest" time="0.001">
    <failure message="The test case is a prototype." type="java.lang.AssertionError">java.lang.AssertionError: The test case is a prototype.
	at org.testng.Assert.fail(Assert.java:96)
	at com.example.model.OperationModelNGTest.testGetB(OperationModelNGTest.java:63)
</failure>
    <system-out><![CDATA[getB
]]></system-out>
  </testcase>
  <testcase name="testGetC" classname="com.example.model.OperationModelNGTest" time="0">
    <failure message="The test case is a prototype." type="java.lang.AssertionError">java.lang.AssertionError: The test case is a prototype.
	at org.testng.Assert.fail(Assert.java:96)
	at com.example.model.OperationModelNGTest.testGetC(OperationModelNGTest.java:117)
</failure>
    <system-out><![CDATA[getC
]]></system-out>
  </testcase>
  <testcase name="testGetOperation" classname="com.example.model.OperationModelNGTest" time="0.001">
    <failure message="expected [] but found [null]" type="java.lang.AssertionError">java.lang.AssertionError: expected [] but found [null]
	at org.testng.Assert.fail(Assert.java:96)
	at org.testng.Assert.failNotEquals(Assert.java:776)
	at org.testng.Assert.assertEqualsImpl(Assert.java:132)
	at org.testng.Assert.assertEquals(Assert.java:118)
	at org.testng.Assert.assertEquals(Assert.java:453)
	at org.testng.Assert.assertEquals(Assert.java:463)
	at com.example.model.OperationModelNGTest.testGetOperation(OperationModelNGTest.java:88)
</failure>
    <system-out><![CDATA[getOperation
]]></system-out>
  </testcase>
  <testcase name="testSetA" classname="com.example.model.OperationModelNGTest" time="0">
    <failure message="The test case is a prototype." type="java.lang.AssertionError">java.lang.AssertionError: The test case is a prototype.
	at org.testng.Assert.fail(Assert.java:96)
	at com.example.model.OperationModelNGTest.testSetA(OperationModelNGTest.java:49)
</failure>
    <system-out><![CDATA[setA
]]></system-out>
  </testcase>
  <testcase name="testSetB" classname="com.example.model.OperationModelNGTest" time="0.001">
    <failure message="The test case is a prototype." type="java.lang.AssertionError">java.lang.AssertionError: The test case is a prototype.
	at org.testng.Assert.fail(Assert.java:96)
	at com.example.model.OperationModelNGTest.testSetB(OperationModelNGTest.java:76)
</failure>
    <system-out><![CDATA[setB
]]></system-out>
  </testcase>
  <testcase name="testSetC" classname="com.example.model.OperationModelNGTest" time="0">
    <failure message="The test case is a prototype." type="java.lang.AssertionError">java.lang.AssertionError: The test case is a prototype.
	at org.testng.Assert.fail(Assert.java:96)
	at com.example.model.OperationModelNGTest.testSetC(OperationModelNGTest.java:130)
</failure>
    <system-out><![CDATA[setC
]]></system-out>
  </testcase>
  <testcase name="testSetOperation" classname="com.example.model.OperationModelNGTest" time="0">
    <failure message="The test case is a prototype." type="java.lang.AssertionError">java.lang.AssertionError: The test case is a prototype.
	at org.testng.Assert.fail(Assert.java:96)
	at com.example.model.OperationModelNGTest.testSetOperation(OperationModelNGTest.java:103)
</failure>
    <system-out><![CDATA[setOperation
]]></system-out>
  </testcase>
  <testcase name="testAdd" classname="com.example.service.CalculateSimpleNGTest" time="0">
    <failure type="java.lang.NullPointerException:">java.lang.NullPointerException: null
	at com.example.service.CalculateSimple.add(CalculateSimple.java:11)
	at com.example.service.CalculateSimpleNGTest.testAdd(CalculateSimpleNGTest.java:35)
</failure>
    <system-out><![CDATA[add
]]></system-out>
  </testcase>
  <testcase name="testClearAdvanced" classname="com.example.service.CalculateSimpleNGTest" time="0">
    <failure type="java.lang.NullPointerException:">java.lang.NullPointerException: null
	at com.example.service.CalculateSimple.clearAdvanced(CalculateSimple.java:62)
	at com.example.service.CalculateSimpleNGTest.testClearAdvanced(CalculateSimpleNGTest.java:170)
</failure>
    <system-out><![CDATA[clearAdvanced
]]></system-out>
  </testcase>
  <testcase name="testClearSimple" classname="com.example.service.CalculateSimpleNGTest" time="0">
    <failure type="java.lang.NullPointerException:">java.lang.NullPointerException: null
	at com.example.service.CalculateSimple.clearSimple(CalculateSimple.java:56)
	at com.example.service.CalculateSimpleNGTest.testClearSimple(CalculateSimpleNGTest.java:155)
</failure>
    <system-out><![CDATA[clearSimple
]]></system-out>
  </testcase>
  <testcase name="testDivide" classname="com.example.service.CalculateSimpleNGTest" time="0">
    <failure type="java.lang.NullPointerException:">java.lang.NullPointerException: null
	at com.example.service.CalculateSimple.divide(CalculateSimple.java:23)
	at com.example.service.CalculateSimpleNGTest.testDivide(CalculateSimpleNGTest.java:80)
</failure>
    <system-out><![CDATA[divide
]]></system-out>
  </testcase>
  <testcase name="testFactorial" classname="com.example.service.CalculateSimpleNGTest" time="0">
    <failure type="java.lang.NullPointerException:">java.lang.NullPointerException: null
	at com.example.service.CalculateSimple.factorial(CalculateSimple.java:29)
	at com.example.service.CalculateSimpleNGTest.testFactorial(CalculateSimpleNGTest.java:95)
</failure>
    <system-out><![CDATA[factorial
]]></system-out>
  </testcase>
  <testcase name="testFibonacci" classname="com.example.service.CalculateSimpleNGTest" time="0">
    <failure type="java.lang.NullPointerException:">java.lang.NullPointerException: null
	at com.example.service.CalculateSimple.fibonacci(CalculateSimple.java:37)
	at com.example.service.CalculateSimpleNGTest.testFibonacci(CalculateSimpleNGTest.java:110)
</failure>
    <system-out><![CDATA[fibonacci
]]></system-out>
  </testcase>
  <testcase name="testMultiply" classname="com.example.service.CalculateSimpleNGTest" time="0.001">
    <failure type="java.lang.NullPointerException:">java.lang.NullPointerException: null
	at com.example.service.CalculateSimple.multiply(CalculateSimple.java:19)
	at com.example.service.CalculateSimpleNGTest.testMultiply(CalculateSimpleNGTest.java:65)
</failure>
    <system-out><![CDATA[multiply
]]></system-out>
  </testcase>
  <testcase name="testPower" classname="com.example.service.CalculateSimpleNGTest" time="0">
    <failure type="java.lang.NullPointerException:">java.lang.NullPointerException: null
	at com.example.service.CalculateSimple.power(CalculateSimple.java:52)
	at com.example.service.CalculateSimpleNGTest.testPower(CalculateSimpleNGTest.java:140)
</failure>
    <system-out><![CDATA[power
]]></system-out>
  </testcase>
  <testcase name="testSqrt" classname="com.example.service.CalculateSimpleNGTest" time="0.001">
    <failure type="java.lang.NullPointerException:">java.lang.NullPointerException: null
	at com.example.service.CalculateSimple.sqrt(CalculateSimple.java:48)
	at com.example.service.CalculateSimpleNGTest.testSqrt(CalculateSimpleNGTest.java:125)
</failure>
    <system-out><![CDATA[sqrt
]]></system-out>
  </testcase>
  <testcase name="testSubtract" classname="com.example.service.CalculateSimpleNGTest" time="0">
    <failure type="java.lang.NullPointerException:">java.lang.NullPointerException: null
	at com.example.service.CalculateSimple.subtract(CalculateSimple.java:15)
	at com.example.service.CalculateSimpleNGTest.testSubtract(CalculateSimpleNGTest.java:50)
</failure>
    <system-out><![CDATA[subtract
]]></system-out>
  </testcase>
</testsuite>