<?xml version="1.0" encoding="UTF-8"?>
<!-- Generated by org.testng.reporters.JUnitXMLReporter -->
<testsuite hostname="DESKTOP-97H7K1T" ignored="0" name="Surefire test" tests="10" failures="0" timestamp="10 jul 2021 22:24:49 GMT" time="126.229" errors="0">
  <testcase name="testDivision" time="6.252" classname="com.example.CalculatorSpringBootNGTest"/>
  <testcase name="testFactorial" time="6.161" classname="com.example.CalculatorSpringBootNGTest"/>
  <testcase name="testLimpiarCalculadoraCompleja" time="6.153" classname="com.example.CalculatorSpringBootNGTest"/>
  <testcase name="testLimpiarCalculadoraSimple" time="6.239" classname="com.example.CalculatorSpringBootNGTest"/>
  <testcase name="testMultiplicacion" time="6.207" classname="com.example.CalculatorSpringBootNGTest"/>
  <testcase name="testPotenciaAlCuadrado" time="6.157" classname="com.example.CalculatorSpringBootNGTest"/>
  <testcase name="testRaiz" time="6.167" classname="com.example.CalculatorSpringBootNGTest"/>
  <testcase name="testResta" time="6.242" classname="com.example.CalculatorSpringBootNGTest"/>
  <testcase name="testSuma" time="3.175" classname="com.example.CalculatorSpringBootNGTest"/>
  <testcase name="testfibonacci" time="6.154" classname="com.example.CalculatorSpringBootNGTest"/>
</testsuite> <!-- Surefire test -->
